<?xml version="1.0" encoding="UTF-8"?>
<!-- Generated by org.testng.reporters.JUnitXMLReporter -->
<testsuite hostname="IN5CG5322ZPG" failures="0" tests="6" name="Default test" time="8.234" errors="0" timestamp="27 Nov 2019 16:31:41 GMT">
  <testcase classname="com.employeeapi.testcases.TC_004_PUT_UpdateEmployee" name="checkContentType" time="0.017"/>
  <testcase classname="com.employeeapi.testcases.TC_004_PUT_UpdateEmployee" name="checkResponseTime" time="0.0"/>
  <testcase classname="com.employeeapi.testcases.TC_004_PUT_UpdateEmployee" name="checkResponsebody" time="0.024"/>
  <testcase classname="com.employeeapi.testcases.TC_004_PUT_UpdateEmployee" name="checkServerType" time="0.0"/>
  <testcase classname="com.employeeapi.testcases.TC_004_PUT_UpdateEmployee" name="checkStatusLine" time="0.004"/>
  <testcase classname="com.employeeapi.testcases.TC_004_PUT_UpdateEmployee" name="checkStatuscode" time="0.004"/>
</testsuite> <!-- Default test -->
