<?xml version="1.0" encoding="UTF-8"?>
<!-- Generated by org.testng.reporters.JUnitXMLReporter -->
<testsuite hostname="IN5CG5322ZPG" failures="6" tests="27" name="EmployeeRestAPITest" time="19.092" errors="0" timestamp="28 Nov 2019 07:07:14 GMT">
  <testcase classname="com.employeeapi.testcases.TC_001_GET_Allemployeesdata" name="checkContentLength" time="0.013">
    <failure type="java.lang.NumberFormatException" message="null">
      <![CDATA[java.lang.NumberFormatException: null
	at java.base/java.lang.Integer.parseInt(Integer.java:614)
	at java.base/java.lang.Integer.parseInt(Integer.java:770)
	at com.employeeapi.testcases.TC_001_GET_Allemployeesdata.checkContentLength(TC_001_GET_Allemployeesdata.java:104)
... Removed 24 stack frames]]>
    </failure>
  </testcase> <!-- checkContentLength -->
  <testcase classname="com.employeeapi.testcases.TC_001_GET_Allemployeesdata" name="checkContentType" time="0.011">
    <failure type="java.lang.AssertionError" message="expected [ext/html; charset=UTF-8] but found [text/html; charset=UTF-8]">
      <![CDATA[java.lang.AssertionError: expected [ext/html; charset=UTF-8] but found [text/html; charset=UTF-8]
	at com.employeeapi.testcases.TC_001_GET_Allemployeesdata.checkContentType(TC_001_GET_Allemployeesdata.java:82)
... Removed 30 stack frames]]>
    </failure>
  </testcase> <!-- checkContentType -->
  <testcase classname="com.employeeapi.testcases.TC_001_GET_Allemployeesdata" name="checkResponseTime" time="0.011">
    <failure type="java.lang.AssertionError" message="expected [true] but found [false]">
      <![CDATA[java.lang.AssertionError: expected [true] but found [false]
	at com.employeeapi.testcases.TC_001_GET_Allemployeesdata.checkResponseTime(TC_001_GET_Allemployeesdata.java:58)
... Removed 28 stack frames]]>
    </failure>
  </testcase> <!-- checkResponseTime -->
  <testcase classname="com.employeeapi.testcases.TC_001_GET_Allemployeesdata" name="checkResponsebody" time="0.072"/>
  <testcase classname="com.employeeapi.testcases.TC_001_GET_Allemployeesdata" name="checkServerType" time="0.02"/>
  <testcase classname="com.employeeapi.testcases.TC_001_GET_Allemployeesdata" name="checkStatusLine" time="0.016"/>
  <testcase classname="com.employeeapi.testcases.TC_001_GET_Allemployeesdata" name="checkStatuscode" time="0.006"/>
  <testcase classname="com.employeeapi.testcases.TC_002_GET_SingleEmployeeDetails" name="checkResponsebody" time="0.007"/>
  <testcase classname="com.employeeapi.testcases.TC_002_GET_SingleEmployeeDetails" name="checkStatuscode" time="0.001">
    <failure type="java.lang.AssertionError" message="expected [200] but found [404]">
      <![CDATA[java.lang.AssertionError: expected [200] but found [404]
	at com.employeeapi.testcases.TC_002_GET_SingleEmployeeDetails.checkStatuscode(TC_002_GET_SingleEmployeeDetails.java:51)
... Removed 30 stack frames]]>
    </failure>
  </testcase> <!-- checkStatuscode -->
  <testcase classname="com.employeeapi.testcases.TC_003_POST_Employee_Record" name="checkContentType" time="0.002"/>
  <testcase classname="com.employeeapi.testcases.TC_003_POST_Employee_Record" name="checkResponseTime" time="0.001">
    <failure type="java.lang.AssertionError" message="expected [true] but found [false]">
      <![CDATA[java.lang.AssertionError: expected [true] but found [false]
	at com.employeeapi.testcases.TC_003_POST_Employee_Record.checkResponseTime(TC_003_POST_Employee_Record.java:77)
... Removed 28 stack frames]]>
    </failure>
  </testcase> <!-- checkResponseTime -->
  <testcase classname="com.employeeapi.testcases.TC_003_POST_Employee_Record" name="checkResponsebody" time="0.003"/>
  <testcase classname="com.employeeapi.testcases.TC_003_POST_Employee_Record" name="checkServerType" time="0.002"/>
  <testcase classname="com.employeeapi.testcases.TC_003_POST_Employee_Record" name="checkStatusLine" time="0.003"/>
  <testcase classname="com.employeeapi.testcases.TC_003_POST_Employee_Record" name="checkStatuscode" time="0.002"/>
  <testcase classname="com.employeeapi.testcases.TC_004_PUT_UpdateEmployee" name="checkContentType" time="0.002"/>
  <testcase classname="com.employeeapi.testcases.TC_004_PUT_UpdateEmployee" name="checkResponseTime" time="0.003">
    <failure type="java.lang.AssertionError" message="expected [true] but found [false]">
      <![CDATA[java.lang.AssertionError: expected [true] but found [false]
	at com.employeeapi.testcases.TC_004_PUT_UpdateEmployee.checkResponseTime(TC_004_PUT_UpdateEmployee.java:77)
... Removed 28 stack frames]]>
    </failure>
  </testcase> <!-- checkResponseTime -->
  <testcase classname="com.employeeapi.testcases.TC_004_PUT_UpdateEmployee" name="checkResponsebody" time="0.003"/>
  <testcase classname="com.employeeapi.testcases.TC_004_PUT_UpdateEmployee" name="checkServerType" time="0.002"/>
  <testcase classname="com.employeeapi.testcases.TC_004_PUT_UpdateEmployee" name="checkStatusLine" time="0.001"/>
  <testcase classname="com.employeeapi.testcases.TC_004_PUT_UpdateEmployee" name="checkStatuscode" time="0.002"/>
  <testcase classname="com.employeeapi.testcases.TC_005_DELETE_Employee" name="checkContentType" time="0.002"/>
  <testcase classname="com.employeeapi.testcases.TC_005_DELETE_Employee" name="checkResponseTime" time="0.001"/>
  <testcase classname="com.employeeapi.testcases.TC_005_DELETE_Employee" name="checkResponsebody" time="0.001"/>
  <testcase classname="com.employeeapi.testcases.TC_005_DELETE_Employee" name="checkServerType" time="0.002"/>
  <testcase classname="com.employeeapi.testcases.TC_005_DELETE_Employee" name="checkStatusLine" time="0.002"/>
  <testcase classname="com.employeeapi.testcases.TC_005_DELETE_Employee" name="checkStatuscode" time="0.004"/>
</testsuite> <!-- EmployeeRestAPITest -->
